INFO-FLOW: Workspace /users/sb17498/FPGAClustering/FPGAClustering/FPGAClustering opened at Tue Jan 08 18:42:57 GMT 2019
Execute     set_part xc7k160tfbg484-1 
Execute       add_library xilinx/kintex7/kintex7:xc7k160t:fbg484:-1 
Execute         get_default_platform 
Execute         license_isbetapart xc7k160t 
Command         license_isbetapart done; error code: 1; 
Execute         open_platform DefaultPlatform 
Execute         import_lib /software/CAD/Xilinx/2018.2/Vivado/2018.2/common/technology/xilinx/kintex7/kintex7 
Execute           source /software/CAD/Xilinx/2018.2/Vivado/2018.2/common/technology/xilinx/common/xilinx.lib 
Execute             source /software/CAD/Xilinx/2018.2/Vivado/2018.2/common/technology/xilinx/interface/xilinx_interface.lib 
Execute               source /software/CAD/Xilinx/2018.2/Vivado/2018.2/common/technology/xilinx/interface/plb46.lib 
Execute               source /software/CAD/Xilinx/2018.2/Vivado/2018.2/common/technology/xilinx/interface/fsl.lib 
Execute               source /software/CAD/Xilinx/2018.2/Vivado/2018.2/common/technology/xilinx/interface/axi4.lib 
Execute               source /software/CAD/Xilinx/2018.2/Vivado/2018.2/common/technology/xilinx/interface/maxi.lib 
Execute               source /software/CAD/Xilinx/2018.2/Vivado/2018.2/common/technology/xilinx/interface/saxilite.lib 
Execute             source /software/CAD/Xilinx/2018.2/Vivado/2018.2/common/technology/xilinx/common/dsp48.lib 
Execute             source /software/CAD/Xilinx/2018.2/Vivado/2018.2/common/technology/xilinx/ip/xfir.lib 
Execute             source /software/CAD/Xilinx/2018.2/Vivado/2018.2/common/technology/xilinx/ip/xfft.lib 
Execute             source /software/CAD/Xilinx/2018.2/Vivado/2018.2/common/technology/xilinx/ip/dds_compiler.lib 
Execute           source /software/CAD/Xilinx/2018.2/Vivado/2018.2/common/technology/xilinx/common/xilinx_old.lib 
Execute           source /software/CAD/Xilinx/2018.2/Vivado/2018.2/common/technology/xilinx/common/xilinx_vivado.lib 
Execute           source /software/CAD/Xilinx/2018.2/Vivado/2018.2/common/technology/xilinx/common/xilinx.hlp 
Execute             source /software/CAD/Xilinx/2018.2/Vivado/2018.2/common/technology/xilinx/common/target_info.tcl 
Execute             source /software/CAD/Xilinx/2018.2/Vivado/2018.2/common/technology/xilinx/interface/xilinx_interface.hlp 
Execute               source /software/CAD/Xilinx/2018.2/Vivado/2018.2/common/technology/xilinx/interface/maxi.hlp 
Execute               source /software/CAD/Xilinx/2018.2/Vivado/2018.2/common/technology/xilinx/interface/saxilite.hlp 
Execute             source /software/CAD/Xilinx/2018.2/Vivado/2018.2/common/technology/xilinx/common/dsp48.hlp 
Execute           source /software/CAD/Xilinx/2018.2/Vivado/2018.2/common/technology/xilinx/kintex7/dsp48e1.hlp 
Execute           get_default_platform 
Execute           config_chip_info -quiet -resource  {SLICE 50950} {LUT 203800}    {FF 407600} {DSP48E 840}    {BRAM 890}  
Execute           config_chip_info -quiet -speed medium 
Execute           source /software/CAD/Xilinx/2018.2/Vivado/2018.2/common/technology/xilinx/common/xilinx.hlp 
Execute             source /software/CAD/Xilinx/2018.2/Vivado/2018.2/common/technology/xilinx/common/target_info.tcl 
Execute             source /software/CAD/Xilinx/2018.2/Vivado/2018.2/common/technology/xilinx/interface/xilinx_interface.hlp 
Execute               source /software/CAD/Xilinx/2018.2/Vivado/2018.2/common/technology/xilinx/interface/maxi.hlp 
Execute               source /software/CAD/Xilinx/2018.2/Vivado/2018.2/common/technology/xilinx/interface/saxilite.hlp 
Execute             source /software/CAD/Xilinx/2018.2/Vivado/2018.2/common/technology/xilinx/common/dsp48.hlp 
Execute         source /software/CAD/Xilinx/2018.2/Vivado/2018.2/common/technology/xilinx/kintex7/kintex7.gen 
Execute           source /software/CAD/Xilinx/2018.2/Vivado/2018.2/common/technology/xilinx/common/virtex.gen 
Execute             source /software/CAD/Xilinx/2018.2/Vivado/2018.2/common/technology/xilinx/common/xilinx.gen 
Execute               source /software/CAD/Xilinx/2018.2/Vivado/2018.2/common/technology/xilinx/interface/plb46.gen 
Execute               source /software/CAD/Xilinx/2018.2/Vivado/2018.2/common/technology/xilinx/interface/fsl.gen 
Execute               source /software/CAD/Xilinx/2018.2/Vivado/2018.2/common/technology/xilinx/interface/axi4.gen 
Execute               source /software/CAD/Xilinx/2018.2/Vivado/2018.2/common/technology/xilinx/interface/nativeAXI4.gen 
Execute                 source /software/CAD/Xilinx/2018.2/Vivado/2018.2/common/technology/xilinx/interface/saxilite.gen 
Execute                 source /software/CAD/Xilinx/2018.2/Vivado/2018.2/common/technology/xilinx/interface/maxi.gen 
Execute               source /software/CAD/Xilinx/2018.2/Vivado/2018.2/common/technology/xilinx/scripts/xilinxcoregen.gen 
Execute               source /software/CAD/Xilinx/2018.2/Vivado/2018.2/common/technology/xilinx/interface/XilEDKCoreGen.gen 
Execute               source /software/CAD/Xilinx/2018.2/Vivado/2018.2/common/technology/xilinx/ip/dds_compiler.gen 
Execute               source /software/CAD/Xilinx/2018.2/Vivado/2018.2/common/technology/xilinx/ip/util.gen 
Execute               source /software/CAD/Xilinx/2018.2/Vivado/2018.2/common/technology/xilinx/ip/xfft.gen 
Execute               source /software/CAD/Xilinx/2018.2/Vivado/2018.2/common/technology/xilinx/ip/xfir.gen 
Command             ap_source done; 0.18 sec.
Execute             source /software/CAD/Xilinx/2018.2/Vivado/2018.2/common/technology/xilinx/common/dsp48.gen 
Command           ap_source done; 0.18 sec.
Command         ap_source done; 0.18 sec.
Execute         get_default_platform 
Execute         config_chip_info -quiet -resource  {SLICE 25350} {LUT 101400}    {FF 202800} {DSP48E 600}    {BRAM 650}  
Execute         config_chip_info -quiet -speed slow 
Command       add_library done; 0.3 sec.
Execute       add_library xilinx/kintex7/kintex7_fpv6 
Execute         get_default_platform 
Execute         open_platform DefaultPlatform 
Execute         import_lib /software/CAD/Xilinx/2018.2/Vivado/2018.2/common/technology/xilinx/kintex7/kintex7_fpv6 
Execute           source /software/CAD/Xilinx/2018.2/Vivado/2018.2/common/technology/xilinx/common/xilinx_fpv7.lib 
Execute             source /software/CAD/Xilinx/2018.2/Vivado/2018.2/common/technology/xilinx/common/xilinx_hp.lib 
Execute           source /software/CAD/Xilinx/2018.2/Vivado/2018.2/common/technology/xilinx/common/xilinx_fpv.hlp 
Execute             source /software/CAD/Xilinx/2018.2/Vivado/2018.2/common/technology/xilinx/common/xilinx.hlp 
Execute               source /software/CAD/Xilinx/2018.2/Vivado/2018.2/common/technology/xilinx/common/target_info.tcl 
Execute               source /software/CAD/Xilinx/2018.2/Vivado/2018.2/common/technology/xilinx/interface/xilinx_interface.hlp 
Execute                 source /software/CAD/Xilinx/2018.2/Vivado/2018.2/common/technology/xilinx/interface/maxi.hlp 
Execute                 source /software/CAD/Xilinx/2018.2/Vivado/2018.2/common/technology/xilinx/interface/saxilite.hlp 
Execute               source /software/CAD/Xilinx/2018.2/Vivado/2018.2/common/technology/xilinx/common/dsp48.hlp 
Execute           source /software/CAD/Xilinx/2018.2/Vivado/2018.2/common/technology/xilinx/kintex7/kintex7_hp.hlp 
Execute         source /software/CAD/Xilinx/2018.2/Vivado/2018.2/common/technology/xilinx/kintex7/kintex7_fpv6.gen 
Execute           source /software/CAD/Xilinx/2018.2/Vivado/2018.2/common/technology/xilinx/common/xilinx_fpv6.gen 
INFO: [HLS 200-10] Setting target device to 'xc7k160tfbg484-1'
Execute       get_default_platform 
Command     set_part done; 0.39 sec.
Execute     create_clock -period 10 
Execute       config_clock -quiet -name default -period 10 -default=false 
INFO: [SYN 201-201] Setting up clock 'default' with a period of 10ns.
Command   ap_source done; 0.52 sec.
Execute   source /software/CAD/Xilinx/2018.2/Vivado/2018.2/lnx64/tools/tcl/eltcl/pkgIndex.tcl 
Execute   source /software/CAD/Xilinx/2018.2/Vivado/2018.2/tps/tcl/tcllib1.11.1/snit/pkgIndex.tcl 
Execute   source /software/CAD/Xilinx/2018.2/Vivado/2018.2/tps/tcl/tcllib1.11.1/profiler/pkgIndex.tcl 
Execute   source /software/CAD/Xilinx/2018.2/Vivado/2018.2/tps/tcl/tcllib1.11.1/otp/pkgIndex.tcl 
Execute   source /software/CAD/Xilinx/2018.2/Vivado/2018.2/tps/tcl/tcllib1.11.1/wip/pkgIndex.tcl 
Execute   source /software/CAD/Xilinx/2018.2/Vivado/2018.2/tps/tcl/tcllib1.11.1/bench/pkgIndex.tcl 
Execute   source /software/CAD/Xilinx/2018.2/Vivado/2018.2/tps/tcl/tcllib1.11.1/ntp/pkgIndex.tcl 
Execute   source /software/CAD/Xilinx/2018.2/Vivado/2018.2/tps/tcl/tcllib1.11.1/pop3d/pkgIndex.tcl 
Execute   source /software/CAD/Xilinx/2018.2/Vivado/2018.2/tps/tcl/tcllib1.11.1/cmdline/pkgIndex.tcl 
Execute   source /software/CAD/Xilinx/2018.2/Vivado/2018.2/tps/tcl/tcllib1.11.1/treeql/pkgIndex.tcl 
Execute   source /software/CAD/Xilinx/2018.2/Vivado/2018.2/tps/tcl/tcllib1.11.1/ftp/pkgIndex.tcl 
Execute   source /software/CAD/Xilinx/2018.2/Vivado/2018.2/tps/tcl/tcllib1.11.1/asn/pkgIndex.tcl 
Execute   source /software/CAD/Xilinx/2018.2/Vivado/2018.2/tps/tcl/tcllib1.11.1/png/pkgIndex.tcl 
Execute   source /software/CAD/Xilinx/2018.2/Vivado/2018.2/tps/tcl/tcllib1.11.1/javascript/pkgIndex.tcl 
Execute   source /software/CAD/Xilinx/2018.2/Vivado/2018.2/tps/tcl/tcllib1.11.1/comm/pkgIndex.tcl 
Execute   source /software/CAD/Xilinx/2018.2/Vivado/2018.2/tps/tcl/tcllib1.11.1/bibtex/pkgIndex.tcl 
Execute   source /software/CAD/Xilinx/2018.2/Vivado/2018.2/tps/tcl/tcllib1.11.1/uev/pkgIndex.tcl 
Execute   source /software/CAD/Xilinx/2018.2/Vivado/2018.2/tps/tcl/tcllib1.11.1/simulation/pkgIndex.tcl 
Execute   source /software/CAD/Xilinx/2018.2/Vivado/2018.2/tps/tcl/tcllib1.11.1/interp/pkgIndex.tcl 
Execute   source /software/CAD/Xilinx/2018.2/Vivado/2018.2/tps/tcl/tcllib1.11.1/cache/pkgIndex.tcl 
Execute   source /software/CAD/Xilinx/2018.2/Vivado/2018.2/tps/tcl/tcllib1.11.1/des/pkgIndex.tcl 
Execute   source /software/CAD/Xilinx/2018.2/Vivado/2018.2/tps/tcl/tcllib1.11.1/uuid/pkgIndex.tcl 
Execute   source /software/CAD/Xilinx/2018.2/Vivado/2018.2/tps/tcl/tcllib1.11.1/transfer/pkgIndex.tcl 
Execute   source /software/CAD/Xilinx/2018.2/Vivado/2018.2/tps/tcl/tcllib1.11.1/htmlparse/pkgIndex.tcl 
Execute   source /software/CAD/Xilinx/2018.2/Vivado/2018.2/tps/tcl/tcllib1.11.1/json/pkgIndex.tcl 
Execute   source /software/CAD/Xilinx/2018.2/Vivado/2018.2/tps/tcl/tcllib1.11.1/multiplexer/pkgIndex.tcl 
Execute   source /software/CAD/Xilinx/2018.2/Vivado/2018.2/tps/tcl/tcllib1.11.1/fumagic/pkgIndex.tcl 
Execute   source /software/CAD/Xilinx/2018.2/Vivado/2018.2/tps/tcl/tcllib1.11.1/report/pkgIndex.tcl 
Execute   source /software/CAD/Xilinx/2018.2/Vivado/2018.2/tps/tcl/tcllib1.11.1/smtpd/pkgIndex.tcl 
Execute   source /software/CAD/Xilinx/2018.2/Vivado/2018.2/tps/tcl/tcllib1.11.1/ldap/pkgIndex.tcl 
Execute   source /software/CAD/Xilinx/2018.2/Vivado/2018.2/tps/tcl/tcllib1.11.1/counter/pkgIndex.tcl 
Execute   source /software/CAD/Xilinx/2018.2/Vivado/2018.2/tps/tcl/tcllib1.11.1/fileutil/pkgIndex.tcl 
Execute   source /software/CAD/Xilinx/2018.2/Vivado/2018.2/tps/tcl/tcllib1.11.1/bee/pkgIndex.tcl 
Execute   source /software/CAD/Xilinx/2018.2/Vivado/2018.2/tps/tcl/tcllib1.11.1/grammar_fa/pkgIndex.tcl 
Execute   source /software/CAD/Xilinx/2018.2/Vivado/2018.2/tps/tcl/tcllib1.11.1/tie/pkgIndex.tcl 
Execute   source /software/CAD/Xilinx/2018.2/Vivado/2018.2/tps/tcl/tcllib1.11.1/base64/pkgIndex.tcl 
Execute   source /software/CAD/Xilinx/2018.2/Vivado/2018.2/tps/tcl/tcllib1.11.1/ident/pkgIndex.tcl 
Execute   source /software/CAD/Xilinx/2018.2/Vivado/2018.2/tps/tcl/tcllib1.11.1/soundex/pkgIndex.tcl 
Execute   source /software/CAD/Xilinx/2018.2/Vivado/2018.2/tps/tcl/tcllib1.11.1/ncgi/pkgIndex.tcl 
Execute   source /software/CAD/Xilinx/2018.2/Vivado/2018.2/tps/tcl/tcllib1.11.1/sasl/pkgIndex.tcl 
Execute   source /software/CAD/Xilinx/2018.2/Vivado/2018.2/tps/tcl/tcllib1.11.1/md5/pkgIndex.tcl 
Execute   source /software/CAD/Xilinx/2018.2/Vivado/2018.2/tps/tcl/tcllib1.11.1/term/pkgIndex.tcl 
Execute   source /software/CAD/Xilinx/2018.2/Vivado/2018.2/tps/tcl/tcllib1.11.1/blowfish/pkgIndex.tcl 
Execute   source /software/CAD/Xilinx/2018.2/Vivado/2018.2/tps/tcl/tcllib1.11.1/docstrip/pkgIndex.tcl 
Execute   source /software/CAD/Xilinx/2018.2/Vivado/2018.2/tps/tcl/tcllib1.11.1/rcs/pkgIndex.tcl 
Execute   source /software/CAD/Xilinx/2018.2/Vivado/2018.2/tps/tcl/tcllib1.11.1/uri/pkgIndex.tcl 
Execute   source /software/CAD/Xilinx/2018.2/Vivado/2018.2/tps/tcl/tcllib1.11.1/rc4/pkgIndex.tcl 
Execute   source /software/CAD/Xilinx/2018.2/Vivado/2018.2/tps/tcl/tcllib1.11.1/ripemd/pkgIndex.tcl 
Execute   source /software/CAD/Xilinx/2018.2/Vivado/2018.2/tps/tcl/tcllib1.11.1/math/pkgIndex.tcl 
Execute   source /software/CAD/Xilinx/2018.2/Vivado/2018.2/tps/tcl/tcllib1.11.1/jpeg/pkgIndex.tcl 
Execute   source /software/CAD/Xilinx/2018.2/Vivado/2018.2/tps/tcl/tcllib1.11.1/map/pkgIndex.tcl 
Execute   source /software/CAD/Xilinx/2018.2/Vivado/2018.2/tps/tcl/tcllib1.11.1/amazon-s3/pkgIndex.tcl 
Execute   source /software/CAD/Xilinx/2018.2/Vivado/2018.2/tps/tcl/tcllib1.11.1/grammar_me/pkgIndex.tcl 
Execute   source /software/CAD/Xilinx/2018.2/Vivado/2018.2/tps/tcl/tcllib1.11.1/irc/pkgIndex.tcl 
Execute   source /software/CAD/Xilinx/2018.2/Vivado/2018.2/tps/tcl/tcllib1.11.1/mime/pkgIndex.tcl 
Execute   source /software/CAD/Xilinx/2018.2/Vivado/2018.2/tps/tcl/tcllib1.11.1/aes/pkgIndex.tcl 
Execute   source /software/CAD/Xilinx/2018.2/Vivado/2018.2/tps/tcl/tcllib1.11.1/stooop/pkgIndex.tcl 
Execute   source /software/CAD/Xilinx/2018.2/Vivado/2018.2/tps/tcl/tcllib1.11.1/tar/pkgIndex.tcl 
Execute   source /software/CAD/Xilinx/2018.2/Vivado/2018.2/tps/tcl/tcllib1.11.1/md4/pkgIndex.tcl 
Execute   source /software/CAD/Xilinx/2018.2/Vivado/2018.2/tps/tcl/tcllib1.11.1/doctools/pkgIndex.tcl 
Execute   source /software/CAD/Xilinx/2018.2/Vivado/2018.2/tps/tcl/tcllib1.11.1/tiff/pkgIndex.tcl 
Execute   source /software/CAD/Xilinx/2018.2/Vivado/2018.2/tps/tcl/tcllib1.11.1/control/pkgIndex.tcl 
Execute   source /software/CAD/Xilinx/2018.2/Vivado/2018.2/tps/tcl/tcllib1.11.1/textutil/pkgIndex.tcl 
Execute   source /software/CAD/Xilinx/2018.2/Vivado/2018.2/tps/tcl/tcllib1.11.1/nns/pkgIndex.tcl 
Execute   source /software/CAD/Xilinx/2018.2/Vivado/2018.2/tps/tcl/tcllib1.11.1/dns/pkgIndex.tcl 
Execute   source /software/CAD/Xilinx/2018.2/Vivado/2018.2/tps/tcl/tcllib1.11.1/base32/pkgIndex.tcl 
Execute   source /software/CAD/Xilinx/2018.2/Vivado/2018.2/tps/tcl/tcllib1.11.1/units/pkgIndex.tcl 
Execute   source /software/CAD/Xilinx/2018.2/Vivado/2018.2/tps/tcl/tcllib1.11.1/nntp/pkgIndex.tcl 
Execute   source /software/CAD/Xilinx/2018.2/Vivado/2018.2/tps/tcl/tcllib1.11.1/exif/pkgIndex.tcl 
Execute   source /software/CAD/Xilinx/2018.2/Vivado/2018.2/tps/tcl/tcllib1.11.1/mapproj/pkgIndex.tcl 
Execute   source /software/CAD/Xilinx/2018.2/Vivado/2018.2/tps/tcl/tcllib1.11.1/page/pkgIndex.tcl 
Execute   source /software/CAD/Xilinx/2018.2/Vivado/2018.2/tps/tcl/tcllib1.11.1/html/pkgIndex.tcl 
Execute   source /software/CAD/Xilinx/2018.2/Vivado/2018.2/tps/tcl/tcllib1.11.1/sha1/pkgIndex.tcl 
Execute   source /software/CAD/Xilinx/2018.2/Vivado/2018.2/tps/tcl/tcllib1.11.1/struct/pkgIndex.tcl 
Execute   source /software/CAD/Xilinx/2018.2/Vivado/2018.2/tps/tcl/tcllib1.11.1/pluginmgr/pkgIndex.tcl 
Execute   source /software/CAD/Xilinx/2018.2/Vivado/2018.2/tps/tcl/tcllib1.11.1/log/pkgIndex.tcl 
Execute   source /software/CAD/Xilinx/2018.2/Vivado/2018.2/tps/tcl/tcllib1.11.1/grammar_peg/pkgIndex.tcl 
Execute   source /software/CAD/Xilinx/2018.2/Vivado/2018.2/tps/tcl/tcllib1.11.1/md5crypt/pkgIndex.tcl 
Execute   source /software/CAD/Xilinx/2018.2/Vivado/2018.2/tps/tcl/tcllib1.11.1/nmea/pkgIndex.tcl 
Execute   source /software/CAD/Xilinx/2018.2/Vivado/2018.2/tps/tcl/tcllib1.11.1/pop3/pkgIndex.tcl 
Execute   source /software/CAD/Xilinx/2018.2/Vivado/2018.2/tps/tcl/tcllib1.11.1/ftpd/pkgIndex.tcl 
Execute   source /software/CAD/Xilinx/2018.2/Vivado/2018.2/tps/tcl/tcllib1.11.1/http/pkgIndex.tcl 
Execute   source /software/CAD/Xilinx/2018.2/Vivado/2018.2/tps/tcl/tcllib1.11.1/inifile/pkgIndex.tcl 
Execute   source /software/CAD/Xilinx/2018.2/Vivado/2018.2/tps/tcl/tcllib1.11.1/stringprep/pkgIndex.tcl 
Execute   source /software/CAD/Xilinx/2018.2/Vivado/2018.2/tps/tcl/tcllib1.11.1/crc/pkgIndex.tcl 
Execute   source /software/CAD/Xilinx/2018.2/Vivado/2018.2/tps/tcl/tcllib1.11.1/csv/pkgIndex.tcl 
Execute   source /software/CAD/Xilinx/2018.2/Vivado/2018.2/tps/tcl/tcllib1.11.1/yaml/pkgIndex.tcl 
Execute   source /software/CAD/Xilinx/2018.2/Vivado/2018.2/tps/tcl/tcllib1.11.1/pkgIndex.tcl 
Execute   source /software/CAD/Xilinx/2018.2/Vivado/2018.2/tps/tcl/tcl8.5/opt0.4/pkgIndex.tcl 
Execute   source /software/CAD/Xilinx/2018.2/Vivado/2018.2/tps/tcl/tcl8.5/http1.0/pkgIndex.tcl 
Execute   cleanup_all 
